mode: set
github.com/puzzaney/simplebank/main.go:13.13,15.16 2 0
github.com/puzzaney/simplebank/main.go:15.16,17.3 1 0
github.com/puzzaney/simplebank/main.go:19.2,20.16 2 0
github.com/puzzaney/simplebank/main.go:20.16,22.3 1 0
github.com/puzzaney/simplebank/main.go:24.2,28.16 4 0
github.com/puzzaney/simplebank/main.go:28.16,30.3 1 0
github.com/puzzaney/simplebank/util/config.go:11.57,19.16 6 0
github.com/puzzaney/simplebank/util/config.go:19.16,21.3 1 0
github.com/puzzaney/simplebank/util/config.go:23.2,24.8 2 0
github.com/puzzaney/simplebank/util/currency.go:9.47,10.18 1 0
github.com/puzzaney/simplebank/util/currency.go:11.21,12.14 1 0
github.com/puzzaney/simplebank/util/currency.go:14.2,14.14 1 0
github.com/puzzaney/simplebank/util/random.go:12.12,14.2 1 0
github.com/puzzaney/simplebank/util/random.go:16.38,18.2 1 0
github.com/puzzaney/simplebank/util/random.go:20.33,24.20 3 0
github.com/puzzaney/simplebank/util/random.go:24.20,27.3 2 0
github.com/puzzaney/simplebank/util/random.go:29.2,29.20 1 0
github.com/puzzaney/simplebank/util/random.go:32.26,34.2 1 0
github.com/puzzaney/simplebank/util/random.go:36.26,38.2 1 0
github.com/puzzaney/simplebank/util/random.go:40.29,45.2 3 0
github.com/puzzaney/simplebank/util/random.go:47.27,49.2 1 0
github.com/puzzaney/simplebank/db/mock/store.go:33.55,37.2 3 0
github.com/puzzaney/simplebank/db/mock/store.go:40.53,42.2 1 0
github.com/puzzaney/simplebank/db/mock/store.go:45.112,51.2 5 0
github.com/puzzaney/simplebank/db/mock/store.go:54.79,57.2 2 0
github.com/puzzaney/simplebank/db/mock/store.go:60.104,66.2 5 0
github.com/puzzaney/simplebank/db/mock/store.go:69.75,72.2 2 0
github.com/puzzaney/simplebank/db/mock/store.go:75.98,81.2 5 0
github.com/puzzaney/simplebank/db/mock/store.go:84.73,87.2 2 0
github.com/puzzaney/simplebank/db/mock/store.go:90.107,96.2 5 0
github.com/puzzaney/simplebank/db/mock/store.go:99.76,102.2 2 0
github.com/puzzaney/simplebank/db/mock/store.go:105.95,111.2 5 0
github.com/puzzaney/simplebank/db/mock/store.go:114.72,117.2 2 0
github.com/puzzaney/simplebank/db/mock/store.go:120.72,125.2 4 0
github.com/puzzaney/simplebank/db/mock/store.go:128.74,131.2 2 0
github.com/puzzaney/simplebank/db/mock/store.go:134.83,140.2 5 0
github.com/puzzaney/simplebank/db/mock/store.go:143.71,146.2 2 0
github.com/puzzaney/simplebank/db/mock/store.go:149.92,155.2 5 0
github.com/puzzaney/simplebank/db/mock/store.go:158.80,161.2 2 0
github.com/puzzaney/simplebank/db/mock/store.go:164.79,170.2 5 0
github.com/puzzaney/simplebank/db/mock/store.go:173.69,176.2 2 0
github.com/puzzaney/simplebank/db/mock/store.go:179.85,185.2 5 0
github.com/puzzaney/simplebank/db/mock/store.go:188.72,191.2 2 0
github.com/puzzaney/simplebank/db/mock/store.go:194.84,200.2 5 0
github.com/puzzaney/simplebank/db/mock/store.go:203.74,206.2 2 0
github.com/puzzaney/simplebank/db/mock/store.go:209.104,215.2 5 0
github.com/puzzaney/simplebank/db/mock/store.go:218.74,221.2 2 0
github.com/puzzaney/simplebank/db/mock/store.go:224.100,230.2 5 0
github.com/puzzaney/simplebank/db/mock/store.go:233.73,236.2 2 0
github.com/puzzaney/simplebank/db/mock/store.go:239.107,245.2 5 0
github.com/puzzaney/simplebank/db/mock/store.go:248.75,251.2 2 0
github.com/puzzaney/simplebank/db/mock/store.go:254.107,260.2 5 0
github.com/puzzaney/simplebank/db/mock/store.go:263.72,266.2 2 0
github.com/puzzaney/simplebank/db/mock/store.go:269.104,275.2 5 0
github.com/puzzaney/simplebank/db/mock/store.go:278.75,281.2 2 0
github.com/puzzaney/simplebank/api/account.go:16.55,19.49 2 0
github.com/puzzaney/simplebank/api/account.go:19.49,22.3 2 0
github.com/puzzaney/simplebank/api/account.go:24.2,32.16 3 0
github.com/puzzaney/simplebank/api/account.go:32.16,35.3 2 0
github.com/puzzaney/simplebank/api/account.go:37.2,37.34 1 0
github.com/puzzaney/simplebank/api/account.go:44.52,47.48 2 1
github.com/puzzaney/simplebank/api/account.go:47.48,50.3 2 1
github.com/puzzaney/simplebank/api/account.go:52.2,53.16 2 1
github.com/puzzaney/simplebank/api/account.go:53.16,54.27 1 1
github.com/puzzaney/simplebank/api/account.go:54.27,56.4 1 1
github.com/puzzaney/simplebank/api/account.go:57.3,57.63 1 1
github.com/puzzaney/simplebank/api/account.go:60.2,60.34 1 1
github.com/puzzaney/simplebank/api/account.go:68.54,71.50 2 0
github.com/puzzaney/simplebank/api/account.go:71.50,73.3 1 0
github.com/puzzaney/simplebank/api/account.go:75.2,81.16 3 0
github.com/puzzaney/simplebank/api/account.go:81.16,83.3 1 0
github.com/puzzaney/simplebank/api/account.go:84.2,84.35 1 0
github.com/puzzaney/simplebank/api/server.go:17.40,21.66 3 1
github.com/puzzaney/simplebank/api/server.go:21.66,23.3 1 1
github.com/puzzaney/simplebank/api/server.go:25.2,32.15 6 1
github.com/puzzaney/simplebank/api/server.go:35.51,37.2 1 0
github.com/puzzaney/simplebank/api/server.go:39.37,41.2 1 1
github.com/puzzaney/simplebank/api/transfer.go:19.56,22.49 2 1
github.com/puzzaney/simplebank/api/transfer.go:22.49,25.3 2 1
github.com/puzzaney/simplebank/api/transfer.go:27.2,27.64 1 1
github.com/puzzaney/simplebank/api/transfer.go:27.64,29.3 1 1
github.com/puzzaney/simplebank/api/transfer.go:30.2,30.62 1 1
github.com/puzzaney/simplebank/api/transfer.go:30.62,32.3 1 1
github.com/puzzaney/simplebank/api/transfer.go:34.2,41.16 3 1
github.com/puzzaney/simplebank/api/transfer.go:41.16,44.3 2 1
github.com/puzzaney/simplebank/api/transfer.go:46.2,46.33 1 1
github.com/puzzaney/simplebank/api/transfer.go:49.93,51.16 2 1
github.com/puzzaney/simplebank/api/transfer.go:51.16,52.27 1 1
github.com/puzzaney/simplebank/api/transfer.go:52.27,55.4 2 1
github.com/puzzaney/simplebank/api/transfer.go:56.3,57.15 2 1
github.com/puzzaney/simplebank/api/transfer.go:60.2,60.34 1 1
github.com/puzzaney/simplebank/api/transfer.go:60.34,64.3 3 1
github.com/puzzaney/simplebank/api/transfer.go:65.2,65.13 1 1
github.com/puzzaney/simplebank/api/validator.go:8.79,9.65 1 1
github.com/puzzaney/simplebank/api/validator.go:9.65,11.3 1 1
github.com/puzzaney/simplebank/api/validator.go:13.2,13.14 1 0
github.com/puzzaney/simplebank/db/sqlc/account.sql.go:24.104,35.2 4 1
github.com/puzzaney/simplebank/db/sqlc/account.sql.go:54.96,65.2 4 1
github.com/puzzaney/simplebank/db/sqlc/account.sql.go:71.70,74.2 2 1
github.com/puzzaney/simplebank/db/sqlc/account.sql.go:81.78,92.2 4 1
github.com/puzzaney/simplebank/db/sqlc/account.sql.go:100.87,111.2 4 0
github.com/puzzaney/simplebank/db/sqlc/account.sql.go:125.96,127.16 2 1
github.com/puzzaney/simplebank/db/sqlc/account.sql.go:127.16,129.3 1 0
github.com/puzzaney/simplebank/db/sqlc/account.sql.go:130.2,132.18 3 1
github.com/puzzaney/simplebank/db/sqlc/account.sql.go:132.18,140.17 2 1
github.com/puzzaney/simplebank/db/sqlc/account.sql.go:140.17,142.4 1 0
github.com/puzzaney/simplebank/db/sqlc/account.sql.go:143.3,143.27 1 1
github.com/puzzaney/simplebank/db/sqlc/account.sql.go:145.2,145.37 1 1
github.com/puzzaney/simplebank/db/sqlc/account.sql.go:145.37,147.3 1 0
github.com/puzzaney/simplebank/db/sqlc/account.sql.go:148.2,148.35 1 1
github.com/puzzaney/simplebank/db/sqlc/account.sql.go:148.35,150.3 1 0
github.com/puzzaney/simplebank/db/sqlc/account.sql.go:151.2,151.19 1 1
github.com/puzzaney/simplebank/db/sqlc/account.sql.go:165.96,176.2 4 1
github.com/puzzaney/simplebank/db/sqlc/db.go:20.28,22.2 1 1
github.com/puzzaney/simplebank/db/sqlc/db.go:24.62,27.90 3 0
github.com/puzzaney/simplebank/db/sqlc/db.go:27.90,29.3 1 0
github.com/puzzaney/simplebank/db/sqlc/db.go:30.2,30.82 1 0
github.com/puzzaney/simplebank/db/sqlc/db.go:30.82,32.3 1 0
github.com/puzzaney/simplebank/db/sqlc/db.go:33.2,33.78 1 0
github.com/puzzaney/simplebank/db/sqlc/db.go:33.78,35.3 1 0
github.com/puzzaney/simplebank/db/sqlc/db.go:36.2,36.84 1 0
github.com/puzzaney/simplebank/db/sqlc/db.go:36.84,38.3 1 0
github.com/puzzaney/simplebank/db/sqlc/db.go:39.2,39.76 1 0
github.com/puzzaney/simplebank/db/sqlc/db.go:39.76,41.3 1 0
github.com/puzzaney/simplebank/db/sqlc/db.go:42.2,42.82 1 0
github.com/puzzaney/simplebank/db/sqlc/db.go:42.82,44.3 1 0
github.com/puzzaney/simplebank/db/sqlc/db.go:45.2,45.76 1 0
github.com/puzzaney/simplebank/db/sqlc/db.go:45.76,47.3 1 0
github.com/puzzaney/simplebank/db/sqlc/db.go:48.2,48.94 1 0
github.com/puzzaney/simplebank/db/sqlc/db.go:48.94,50.3 1 0
github.com/puzzaney/simplebank/db/sqlc/db.go:51.2,51.72 1 0
github.com/puzzaney/simplebank/db/sqlc/db.go:51.72,53.3 1 0
github.com/puzzaney/simplebank/db/sqlc/db.go:54.2,54.78 1 0
github.com/puzzaney/simplebank/db/sqlc/db.go:54.78,56.3 1 0
github.com/puzzaney/simplebank/db/sqlc/db.go:57.2,57.70 1 0
github.com/puzzaney/simplebank/db/sqlc/db.go:57.70,59.3 1 0
github.com/puzzaney/simplebank/db/sqlc/db.go:60.2,60.80 1 0
github.com/puzzaney/simplebank/db/sqlc/db.go:60.80,62.3 1 0
github.com/puzzaney/simplebank/db/sqlc/db.go:63.2,63.78 1 0
github.com/puzzaney/simplebank/db/sqlc/db.go:63.78,65.3 1 0
github.com/puzzaney/simplebank/db/sqlc/db.go:66.2,66.82 1 0
github.com/puzzaney/simplebank/db/sqlc/db.go:66.82,68.3 1 0
github.com/puzzaney/simplebank/db/sqlc/db.go:69.2,69.82 1 0
github.com/puzzaney/simplebank/db/sqlc/db.go:69.82,71.3 1 0
github.com/puzzaney/simplebank/db/sqlc/db.go:72.2,72.16 1 0
github.com/puzzaney/simplebank/db/sqlc/db.go:75.33,77.36 2 0
github.com/puzzaney/simplebank/db/sqlc/db.go:77.36,78.59 1 0
github.com/puzzaney/simplebank/db/sqlc/db.go:78.59,80.4 1 0
github.com/puzzaney/simplebank/db/sqlc/db.go:82.2,82.32 1 0
github.com/puzzaney/simplebank/db/sqlc/db.go:82.32,83.55 1 0
github.com/puzzaney/simplebank/db/sqlc/db.go:83.55,85.4 1 0
github.com/puzzaney/simplebank/db/sqlc/db.go:87.2,87.30 1 0
github.com/puzzaney/simplebank/db/sqlc/db.go:87.30,88.53 1 0
github.com/puzzaney/simplebank/db/sqlc/db.go:88.53,90.4 1 0
github.com/puzzaney/simplebank/db/sqlc/db.go:92.2,92.33 1 0
github.com/puzzaney/simplebank/db/sqlc/db.go:92.33,93.56 1 0
github.com/puzzaney/simplebank/db/sqlc/db.go:93.56,95.4 1 0
github.com/puzzaney/simplebank/db/sqlc/db.go:97.2,97.29 1 0
github.com/puzzaney/simplebank/db/sqlc/db.go:97.29,98.52 1 0
github.com/puzzaney/simplebank/db/sqlc/db.go:98.52,100.4 1 0
github.com/puzzaney/simplebank/db/sqlc/db.go:102.2,102.32 1 0
github.com/puzzaney/simplebank/db/sqlc/db.go:102.32,103.55 1 0
github.com/puzzaney/simplebank/db/sqlc/db.go:103.55,105.4 1 0
github.com/puzzaney/simplebank/db/sqlc/db.go:107.2,107.29 1 0
github.com/puzzaney/simplebank/db/sqlc/db.go:107.29,108.52 1 0
github.com/puzzaney/simplebank/db/sqlc/db.go:108.52,110.4 1 0
github.com/puzzaney/simplebank/db/sqlc/db.go:112.2,112.38 1 0
github.com/puzzaney/simplebank/db/sqlc/db.go:112.38,113.61 1 0
github.com/puzzaney/simplebank/db/sqlc/db.go:113.61,115.4 1 0
github.com/puzzaney/simplebank/db/sqlc/db.go:117.2,117.27 1 0
github.com/puzzaney/simplebank/db/sqlc/db.go:117.27,118.50 1 0
github.com/puzzaney/simplebank/db/sqlc/db.go:118.50,120.4 1 0
github.com/puzzaney/simplebank/db/sqlc/db.go:122.2,122.30 1 0
github.com/puzzaney/simplebank/db/sqlc/db.go:122.30,123.53 1 0
github.com/puzzaney/simplebank/db/sqlc/db.go:123.53,125.4 1 0
github.com/puzzaney/simplebank/db/sqlc/db.go:127.2,127.26 1 0
github.com/puzzaney/simplebank/db/sqlc/db.go:127.26,128.49 1 0
github.com/puzzaney/simplebank/db/sqlc/db.go:128.49,130.4 1 0
github.com/puzzaney/simplebank/db/sqlc/db.go:132.2,132.31 1 0
github.com/puzzaney/simplebank/db/sqlc/db.go:132.31,133.54 1 0
github.com/puzzaney/simplebank/db/sqlc/db.go:133.54,135.4 1 0
github.com/puzzaney/simplebank/db/sqlc/db.go:137.2,137.30 1 0
github.com/puzzaney/simplebank/db/sqlc/db.go:137.30,138.53 1 0
github.com/puzzaney/simplebank/db/sqlc/db.go:138.53,140.4 1 0
github.com/puzzaney/simplebank/db/sqlc/db.go:142.2,142.32 1 0
github.com/puzzaney/simplebank/db/sqlc/db.go:142.32,143.55 1 0
github.com/puzzaney/simplebank/db/sqlc/db.go:143.55,145.4 1 0
github.com/puzzaney/simplebank/db/sqlc/db.go:147.2,147.32 1 0
github.com/puzzaney/simplebank/db/sqlc/db.go:147.32,148.55 1 0
github.com/puzzaney/simplebank/db/sqlc/db.go:148.55,150.4 1 0
github.com/puzzaney/simplebank/db/sqlc/db.go:152.2,152.12 1 0
github.com/puzzaney/simplebank/db/sqlc/db.go:155.116,156.9 1 1
github.com/puzzaney/simplebank/db/sqlc/db.go:157.34,158.63 1 0
github.com/puzzaney/simplebank/db/sqlc/db.go:159.19,160.40 1 0
github.com/puzzaney/simplebank/db/sqlc/db.go:161.10,162.47 1 1
github.com/puzzaney/simplebank/db/sqlc/db.go:166.116,167.9 1 1
github.com/puzzaney/simplebank/db/sqlc/db.go:168.34,169.64 1 0
github.com/puzzaney/simplebank/db/sqlc/db.go:170.19,171.41 1 0
github.com/puzzaney/simplebank/db/sqlc/db.go:172.10,173.48 1 1
github.com/puzzaney/simplebank/db/sqlc/db.go:177.109,178.9 1 1
github.com/puzzaney/simplebank/db/sqlc/db.go:179.34,180.67 1 0
github.com/puzzaney/simplebank/db/sqlc/db.go:181.19,182.44 1 0
github.com/puzzaney/simplebank/db/sqlc/db.go:183.10,184.51 1 1
github.com/puzzaney/simplebank/db/sqlc/db.go:208.47,228.2 1 0
github.com/puzzaney/simplebank/db/sqlc/entry.sql.go:27.90,37.2 4 1
github.com/puzzaney/simplebank/db/sqlc/entry.sql.go:44.74,54.2 4 1
github.com/puzzaney/simplebank/db/sqlc/entry.sql.go:70.92,72.16 2 1
github.com/puzzaney/simplebank/db/sqlc/entry.sql.go:72.16,74.3 1 0
github.com/puzzaney/simplebank/db/sqlc/entry.sql.go:75.2,77.18 3 1
github.com/puzzaney/simplebank/db/sqlc/entry.sql.go:77.18,84.17 2 1
github.com/puzzaney/simplebank/db/sqlc/entry.sql.go:84.17,86.4 1 0
github.com/puzzaney/simplebank/db/sqlc/entry.sql.go:87.3,87.27 1 1
github.com/puzzaney/simplebank/db/sqlc/entry.sql.go:89.2,89.37 1 1
github.com/puzzaney/simplebank/db/sqlc/entry.sql.go:89.37,91.3 1 0
github.com/puzzaney/simplebank/db/sqlc/entry.sql.go:92.2,92.35 1 1
github.com/puzzaney/simplebank/db/sqlc/entry.sql.go:92.35,94.3 1 0
github.com/puzzaney/simplebank/db/sqlc/entry.sql.go:95.2,95.19 1 1
github.com/puzzaney/simplebank/db/sqlc/store.go:20.33,25.2 1 1
github.com/puzzaney/simplebank/db/sqlc/store.go:27.83,30.16 2 1
github.com/puzzaney/simplebank/db/sqlc/store.go:30.16,32.3 1 0
github.com/puzzaney/simplebank/db/sqlc/store.go:34.2,38.16 3 1
github.com/puzzaney/simplebank/db/sqlc/store.go:38.16,39.43 1 0
github.com/puzzaney/simplebank/db/sqlc/store.go:39.43,41.4 1 0
github.com/puzzaney/simplebank/db/sqlc/store.go:43.3,43.13 1 0
github.com/puzzaney/simplebank/db/sqlc/store.go:46.2,46.20 1 1
github.com/puzzaney/simplebank/db/sqlc/store.go:63.104,66.50 2 1
github.com/puzzaney/simplebank/db/sqlc/store.go:66.50,74.17 3 1
github.com/puzzaney/simplebank/db/sqlc/store.go:74.17,76.4 1 0
github.com/puzzaney/simplebank/db/sqlc/store.go:78.3,83.17 2 1
github.com/puzzaney/simplebank/db/sqlc/store.go:83.17,85.4 1 0
github.com/puzzaney/simplebank/db/sqlc/store.go:87.3,91.17 2 1
github.com/puzzaney/simplebank/db/sqlc/store.go:91.17,93.4 1 0
github.com/puzzaney/simplebank/db/sqlc/store.go:95.3,95.42 1 1
github.com/puzzaney/simplebank/db/sqlc/store.go:95.42,97.18 2 1
github.com/puzzaney/simplebank/db/sqlc/store.go:97.18,99.5 1 0
github.com/puzzaney/simplebank/db/sqlc/store.go:101.9,103.18 2 1
github.com/puzzaney/simplebank/db/sqlc/store.go:103.18,105.5 1 0
github.com/puzzaney/simplebank/db/sqlc/store.go:108.3,108.13 1 1
github.com/puzzaney/simplebank/db/sqlc/store.go:111.2,111.20 1 1
github.com/puzzaney/simplebank/db/sqlc/store.go:121.43,127.16 2 1
github.com/puzzaney/simplebank/db/sqlc/store.go:127.16,129.3 1 0
github.com/puzzaney/simplebank/db/sqlc/store.go:131.2,136.8 2 1
github.com/puzzaney/simplebank/db/sqlc/transfer.sql.go:29.99,40.2 4 1
github.com/puzzaney/simplebank/db/sqlc/transfer.sql.go:47.80,58.2 4 1
github.com/puzzaney/simplebank/db/sqlc/transfer.sql.go:77.99,84.16 2 1
github.com/puzzaney/simplebank/db/sqlc/transfer.sql.go:84.16,86.3 1 0
github.com/puzzaney/simplebank/db/sqlc/transfer.sql.go:87.2,89.18 3 1
github.com/puzzaney/simplebank/db/sqlc/transfer.sql.go:89.18,97.17 2 1
github.com/puzzaney/simplebank/db/sqlc/transfer.sql.go:97.17,99.4 1 0
github.com/puzzaney/simplebank/db/sqlc/transfer.sql.go:100.3,100.27 1 1
github.com/puzzaney/simplebank/db/sqlc/transfer.sql.go:102.2,102.37 1 1
github.com/puzzaney/simplebank/db/sqlc/transfer.sql.go:102.37,104.3 1 0
github.com/puzzaney/simplebank/db/sqlc/transfer.sql.go:105.2,105.35 1 1
github.com/puzzaney/simplebank/db/sqlc/transfer.sql.go:105.35,107.3 1 0
github.com/puzzaney/simplebank/db/sqlc/transfer.sql.go:108.2,108.19 1 1
github.com/puzzaney/simplebank/db/sqlc/user.sql.go:31.87,48.2 4 1
github.com/puzzaney/simplebank/db/sqlc/user.sql.go:55.79,67.2 4 1
