mode: set
github.com/puzzaney/simplebank/main.go:13.13,15.16 2 0
github.com/puzzaney/simplebank/main.go:15.16,17.3 1 0
github.com/puzzaney/simplebank/main.go:19.2,20.16 2 0
github.com/puzzaney/simplebank/main.go:20.16,22.3 1 0
github.com/puzzaney/simplebank/main.go:24.2,28.16 4 0
github.com/puzzaney/simplebank/main.go:28.16,30.3 1 0
github.com/puzzaney/simplebank/db/mock/store.go:33.55,37.2 3 0
github.com/puzzaney/simplebank/db/mock/store.go:40.53,42.2 1 0
github.com/puzzaney/simplebank/db/mock/store.go:45.112,51.2 5 0
github.com/puzzaney/simplebank/db/mock/store.go:54.79,57.2 2 0
github.com/puzzaney/simplebank/db/mock/store.go:60.104,66.2 5 0
github.com/puzzaney/simplebank/db/mock/store.go:69.75,72.2 2 0
github.com/puzzaney/simplebank/db/mock/store.go:75.98,81.2 5 0
github.com/puzzaney/simplebank/db/mock/store.go:84.73,87.2 2 0
github.com/puzzaney/simplebank/db/mock/store.go:90.107,96.2 5 0
github.com/puzzaney/simplebank/db/mock/store.go:99.76,102.2 2 0
github.com/puzzaney/simplebank/db/mock/store.go:105.72,110.2 4 0
github.com/puzzaney/simplebank/db/mock/store.go:113.74,116.2 2 0
github.com/puzzaney/simplebank/db/mock/store.go:119.83,125.2 5 0
github.com/puzzaney/simplebank/db/mock/store.go:128.71,131.2 2 0
github.com/puzzaney/simplebank/db/mock/store.go:134.92,140.2 5 0
github.com/puzzaney/simplebank/db/mock/store.go:143.80,146.2 2 0
github.com/puzzaney/simplebank/db/mock/store.go:149.79,155.2 5 0
github.com/puzzaney/simplebank/db/mock/store.go:158.69,161.2 2 0
github.com/puzzaney/simplebank/db/mock/store.go:164.85,170.2 5 0
github.com/puzzaney/simplebank/db/mock/store.go:173.72,176.2 2 0
github.com/puzzaney/simplebank/db/mock/store.go:179.104,185.2 5 0
github.com/puzzaney/simplebank/db/mock/store.go:188.74,191.2 2 0
github.com/puzzaney/simplebank/db/mock/store.go:194.100,200.2 5 0
github.com/puzzaney/simplebank/db/mock/store.go:203.73,206.2 2 0
github.com/puzzaney/simplebank/db/mock/store.go:209.107,215.2 5 0
github.com/puzzaney/simplebank/db/mock/store.go:218.75,221.2 2 0
github.com/puzzaney/simplebank/db/mock/store.go:224.107,230.2 5 0
github.com/puzzaney/simplebank/db/mock/store.go:233.72,236.2 2 0
github.com/puzzaney/simplebank/db/mock/store.go:239.104,245.2 5 0
github.com/puzzaney/simplebank/db/mock/store.go:248.75,251.2 2 0
github.com/puzzaney/simplebank/db/sqlc/account.sql.go:24.104,35.2 4 0
github.com/puzzaney/simplebank/db/sqlc/account.sql.go:54.96,65.2 4 0
github.com/puzzaney/simplebank/db/sqlc/account.sql.go:71.70,74.2 2 0
github.com/puzzaney/simplebank/db/sqlc/account.sql.go:81.78,92.2 4 0
github.com/puzzaney/simplebank/db/sqlc/account.sql.go:100.87,111.2 4 0
github.com/puzzaney/simplebank/db/sqlc/account.sql.go:125.96,127.16 2 0
github.com/puzzaney/simplebank/db/sqlc/account.sql.go:127.16,129.3 1 0
github.com/puzzaney/simplebank/db/sqlc/account.sql.go:130.2,132.18 3 0
github.com/puzzaney/simplebank/db/sqlc/account.sql.go:132.18,140.17 2 0
github.com/puzzaney/simplebank/db/sqlc/account.sql.go:140.17,142.4 1 0
github.com/puzzaney/simplebank/db/sqlc/account.sql.go:143.3,143.27 1 0
github.com/puzzaney/simplebank/db/sqlc/account.sql.go:145.2,145.37 1 0
github.com/puzzaney/simplebank/db/sqlc/account.sql.go:145.37,147.3 1 0
github.com/puzzaney/simplebank/db/sqlc/account.sql.go:148.2,148.35 1 0
github.com/puzzaney/simplebank/db/sqlc/account.sql.go:148.35,150.3 1 0
github.com/puzzaney/simplebank/db/sqlc/account.sql.go:151.2,151.19 1 0
github.com/puzzaney/simplebank/db/sqlc/account.sql.go:165.96,176.2 4 0
github.com/puzzaney/simplebank/db/sqlc/db.go:20.28,22.2 1 1
github.com/puzzaney/simplebank/db/sqlc/db.go:24.62,27.90 3 0
github.com/puzzaney/simplebank/db/sqlc/db.go:27.90,29.3 1 0
github.com/puzzaney/simplebank/db/sqlc/db.go:30.2,30.82 1 0
github.com/puzzaney/simplebank/db/sqlc/db.go:30.82,32.3 1 0
github.com/puzzaney/simplebank/db/sqlc/db.go:33.2,33.78 1 0
github.com/puzzaney/simplebank/db/sqlc/db.go:33.78,35.3 1 0
github.com/puzzaney/simplebank/db/sqlc/db.go:36.2,36.84 1 0
github.com/puzzaney/simplebank/db/sqlc/db.go:36.84,38.3 1 0
github.com/puzzaney/simplebank/db/sqlc/db.go:39.2,39.82 1 0
github.com/puzzaney/simplebank/db/sqlc/db.go:39.82,41.3 1 0
github.com/puzzaney/simplebank/db/sqlc/db.go:42.2,42.76 1 0
github.com/puzzaney/simplebank/db/sqlc/db.go:42.76,44.3 1 0
github.com/puzzaney/simplebank/db/sqlc/db.go:45.2,45.94 1 0
github.com/puzzaney/simplebank/db/sqlc/db.go:45.94,47.3 1 0
github.com/puzzaney/simplebank/db/sqlc/db.go:48.2,48.72 1 0
github.com/puzzaney/simplebank/db/sqlc/db.go:48.72,50.3 1 0
github.com/puzzaney/simplebank/db/sqlc/db.go:51.2,51.78 1 0
github.com/puzzaney/simplebank/db/sqlc/db.go:51.78,53.3 1 0
github.com/puzzaney/simplebank/db/sqlc/db.go:54.2,54.80 1 0
github.com/puzzaney/simplebank/db/sqlc/db.go:54.80,56.3 1 0
github.com/puzzaney/simplebank/db/sqlc/db.go:57.2,57.78 1 0
github.com/puzzaney/simplebank/db/sqlc/db.go:57.78,59.3 1 0
github.com/puzzaney/simplebank/db/sqlc/db.go:60.2,60.82 1 0
github.com/puzzaney/simplebank/db/sqlc/db.go:60.82,62.3 1 0
github.com/puzzaney/simplebank/db/sqlc/db.go:63.2,63.82 1 0
github.com/puzzaney/simplebank/db/sqlc/db.go:63.82,65.3 1 0
github.com/puzzaney/simplebank/db/sqlc/db.go:66.2,66.16 1 0
github.com/puzzaney/simplebank/db/sqlc/db.go:69.33,71.36 2 0
github.com/puzzaney/simplebank/db/sqlc/db.go:71.36,72.59 1 0
github.com/puzzaney/simplebank/db/sqlc/db.go:72.59,74.4 1 0
github.com/puzzaney/simplebank/db/sqlc/db.go:76.2,76.32 1 0
github.com/puzzaney/simplebank/db/sqlc/db.go:76.32,77.55 1 0
github.com/puzzaney/simplebank/db/sqlc/db.go:77.55,79.4 1 0
github.com/puzzaney/simplebank/db/sqlc/db.go:81.2,81.30 1 0
github.com/puzzaney/simplebank/db/sqlc/db.go:81.30,82.53 1 0
github.com/puzzaney/simplebank/db/sqlc/db.go:82.53,84.4 1 0
github.com/puzzaney/simplebank/db/sqlc/db.go:86.2,86.33 1 0
github.com/puzzaney/simplebank/db/sqlc/db.go:86.33,87.56 1 0
github.com/puzzaney/simplebank/db/sqlc/db.go:87.56,89.4 1 0
github.com/puzzaney/simplebank/db/sqlc/db.go:91.2,91.32 1 0
github.com/puzzaney/simplebank/db/sqlc/db.go:91.32,92.55 1 0
github.com/puzzaney/simplebank/db/sqlc/db.go:92.55,94.4 1 0
github.com/puzzaney/simplebank/db/sqlc/db.go:96.2,96.29 1 0
github.com/puzzaney/simplebank/db/sqlc/db.go:96.29,97.52 1 0
github.com/puzzaney/simplebank/db/sqlc/db.go:97.52,99.4 1 0
github.com/puzzaney/simplebank/db/sqlc/db.go:101.2,101.38 1 0
github.com/puzzaney/simplebank/db/sqlc/db.go:101.38,102.61 1 0
github.com/puzzaney/simplebank/db/sqlc/db.go:102.61,104.4 1 0
github.com/puzzaney/simplebank/db/sqlc/db.go:106.2,106.27 1 0
github.com/puzzaney/simplebank/db/sqlc/db.go:106.27,107.50 1 0
github.com/puzzaney/simplebank/db/sqlc/db.go:107.50,109.4 1 0
github.com/puzzaney/simplebank/db/sqlc/db.go:111.2,111.30 1 0
github.com/puzzaney/simplebank/db/sqlc/db.go:111.30,112.53 1 0
github.com/puzzaney/simplebank/db/sqlc/db.go:112.53,114.4 1 0
github.com/puzzaney/simplebank/db/sqlc/db.go:116.2,116.31 1 0
github.com/puzzaney/simplebank/db/sqlc/db.go:116.31,117.54 1 0
github.com/puzzaney/simplebank/db/sqlc/db.go:117.54,119.4 1 0
github.com/puzzaney/simplebank/db/sqlc/db.go:121.2,121.30 1 0
github.com/puzzaney/simplebank/db/sqlc/db.go:121.30,122.53 1 0
github.com/puzzaney/simplebank/db/sqlc/db.go:122.53,124.4 1 0
github.com/puzzaney/simplebank/db/sqlc/db.go:126.2,126.32 1 0
github.com/puzzaney/simplebank/db/sqlc/db.go:126.32,127.55 1 0
github.com/puzzaney/simplebank/db/sqlc/db.go:127.55,129.4 1 0
github.com/puzzaney/simplebank/db/sqlc/db.go:131.2,131.32 1 0
github.com/puzzaney/simplebank/db/sqlc/db.go:131.32,132.55 1 0
github.com/puzzaney/simplebank/db/sqlc/db.go:132.55,134.4 1 0
github.com/puzzaney/simplebank/db/sqlc/db.go:136.2,136.12 1 0
github.com/puzzaney/simplebank/db/sqlc/db.go:139.116,140.9 1 0
github.com/puzzaney/simplebank/db/sqlc/db.go:141.34,142.63 1 0
github.com/puzzaney/simplebank/db/sqlc/db.go:143.19,144.40 1 0
github.com/puzzaney/simplebank/db/sqlc/db.go:145.10,146.47 1 0
github.com/puzzaney/simplebank/db/sqlc/db.go:150.116,151.9 1 0
github.com/puzzaney/simplebank/db/sqlc/db.go:152.34,153.64 1 0
github.com/puzzaney/simplebank/db/sqlc/db.go:154.19,155.41 1 0
github.com/puzzaney/simplebank/db/sqlc/db.go:156.10,157.48 1 0
github.com/puzzaney/simplebank/db/sqlc/db.go:161.109,162.9 1 0
github.com/puzzaney/simplebank/db/sqlc/db.go:163.34,164.67 1 0
github.com/puzzaney/simplebank/db/sqlc/db.go:165.19,166.44 1 0
github.com/puzzaney/simplebank/db/sqlc/db.go:167.10,168.51 1 0
github.com/puzzaney/simplebank/db/sqlc/db.go:190.47,208.2 1 0
github.com/puzzaney/simplebank/db/sqlc/entry.sql.go:27.90,37.2 4 0
github.com/puzzaney/simplebank/db/sqlc/entry.sql.go:44.74,54.2 4 0
github.com/puzzaney/simplebank/db/sqlc/entry.sql.go:70.92,72.16 2 0
github.com/puzzaney/simplebank/db/sqlc/entry.sql.go:72.16,74.3 1 0
github.com/puzzaney/simplebank/db/sqlc/entry.sql.go:75.2,77.18 3 0
github.com/puzzaney/simplebank/db/sqlc/entry.sql.go:77.18,84.17 2 0
github.com/puzzaney/simplebank/db/sqlc/entry.sql.go:84.17,86.4 1 0
github.com/puzzaney/simplebank/db/sqlc/entry.sql.go:87.3,87.27 1 0
github.com/puzzaney/simplebank/db/sqlc/entry.sql.go:89.2,89.37 1 0
github.com/puzzaney/simplebank/db/sqlc/entry.sql.go:89.37,91.3 1 0
github.com/puzzaney/simplebank/db/sqlc/entry.sql.go:92.2,92.35 1 0
github.com/puzzaney/simplebank/db/sqlc/entry.sql.go:92.35,94.3 1 0
github.com/puzzaney/simplebank/db/sqlc/entry.sql.go:95.2,95.19 1 0
github.com/puzzaney/simplebank/db/sqlc/store.go:20.33,25.2 1 0
github.com/puzzaney/simplebank/db/sqlc/store.go:27.83,30.16 2 0
github.com/puzzaney/simplebank/db/sqlc/store.go:30.16,32.3 1 0
github.com/puzzaney/simplebank/db/sqlc/store.go:34.2,38.16 3 0
github.com/puzzaney/simplebank/db/sqlc/store.go:38.16,39.43 1 0
github.com/puzzaney/simplebank/db/sqlc/store.go:39.43,41.4 1 0
github.com/puzzaney/simplebank/db/sqlc/store.go:43.3,43.13 1 0
github.com/puzzaney/simplebank/db/sqlc/store.go:46.2,46.20 1 0
github.com/puzzaney/simplebank/db/sqlc/store.go:63.104,66.50 2 0
github.com/puzzaney/simplebank/db/sqlc/store.go:66.50,74.17 3 0
github.com/puzzaney/simplebank/db/sqlc/store.go:74.17,76.4 1 0
github.com/puzzaney/simplebank/db/sqlc/store.go:78.3,83.17 2 0
github.com/puzzaney/simplebank/db/sqlc/store.go:83.17,85.4 1 0
github.com/puzzaney/simplebank/db/sqlc/store.go:87.3,91.17 2 0
github.com/puzzaney/simplebank/db/sqlc/store.go:91.17,93.4 1 0
github.com/puzzaney/simplebank/db/sqlc/store.go:95.3,95.42 1 0
github.com/puzzaney/simplebank/db/sqlc/store.go:95.42,97.18 2 0
github.com/puzzaney/simplebank/db/sqlc/store.go:97.18,99.5 1 0
github.com/puzzaney/simplebank/db/sqlc/store.go:101.9,103.18 2 0
github.com/puzzaney/simplebank/db/sqlc/store.go:103.18,105.5 1 0
github.com/puzzaney/simplebank/db/sqlc/store.go:108.3,108.13 1 0
github.com/puzzaney/simplebank/db/sqlc/store.go:111.2,111.20 1 0
github.com/puzzaney/simplebank/db/sqlc/store.go:121.43,127.16 2 0
github.com/puzzaney/simplebank/db/sqlc/store.go:127.16,129.3 1 0
github.com/puzzaney/simplebank/db/sqlc/store.go:131.2,136.8 2 0
github.com/puzzaney/simplebank/db/sqlc/transfer.sql.go:29.99,40.2 4 0
github.com/puzzaney/simplebank/db/sqlc/transfer.sql.go:47.80,58.2 4 0
github.com/puzzaney/simplebank/db/sqlc/transfer.sql.go:77.99,84.16 2 0
github.com/puzzaney/simplebank/db/sqlc/transfer.sql.go:84.16,86.3 1 0
github.com/puzzaney/simplebank/db/sqlc/transfer.sql.go:87.2,89.18 3 0
github.com/puzzaney/simplebank/db/sqlc/transfer.sql.go:89.18,97.17 2 0
github.com/puzzaney/simplebank/db/sqlc/transfer.sql.go:97.17,99.4 1 0
github.com/puzzaney/simplebank/db/sqlc/transfer.sql.go:100.3,100.27 1 0
github.com/puzzaney/simplebank/db/sqlc/transfer.sql.go:102.2,102.37 1 0
github.com/puzzaney/simplebank/db/sqlc/transfer.sql.go:102.37,104.3 1 0
github.com/puzzaney/simplebank/db/sqlc/transfer.sql.go:105.2,105.35 1 0
github.com/puzzaney/simplebank/db/sqlc/transfer.sql.go:105.35,107.3 1 0
github.com/puzzaney/simplebank/db/sqlc/transfer.sql.go:108.2,108.19 1 0
github.com/puzzaney/simplebank/api/account.go:16.55,19.49 2 0
github.com/puzzaney/simplebank/api/account.go:19.49,22.3 2 0
github.com/puzzaney/simplebank/api/account.go:24.2,32.16 3 0
github.com/puzzaney/simplebank/api/account.go:32.16,35.3 2 0
github.com/puzzaney/simplebank/api/account.go:37.2,37.34 1 0
github.com/puzzaney/simplebank/api/account.go:44.52,47.48 2 1
github.com/puzzaney/simplebank/api/account.go:47.48,50.3 2 1
github.com/puzzaney/simplebank/api/account.go:52.2,53.16 2 1
github.com/puzzaney/simplebank/api/account.go:53.16,54.27 1 1
github.com/puzzaney/simplebank/api/account.go:54.27,56.4 1 1
github.com/puzzaney/simplebank/api/account.go:57.3,57.63 1 1
github.com/puzzaney/simplebank/api/account.go:60.2,60.34 1 1
github.com/puzzaney/simplebank/api/account.go:68.54,71.50 2 0
github.com/puzzaney/simplebank/api/account.go:71.50,73.3 1 0
github.com/puzzaney/simplebank/api/account.go:75.2,81.16 3 0
github.com/puzzaney/simplebank/api/account.go:81.16,83.3 1 0
github.com/puzzaney/simplebank/api/account.go:84.2,84.35 1 0
github.com/puzzaney/simplebank/api/server.go:15.40,25.2 7 1
github.com/puzzaney/simplebank/api/server.go:27.51,29.2 1 0
github.com/puzzaney/simplebank/api/server.go:31.37,33.2 1 1
github.com/puzzaney/simplebank/util/config.go:11.57,19.16 6 0
github.com/puzzaney/simplebank/util/config.go:19.16,21.3 1 0
github.com/puzzaney/simplebank/util/config.go:23.2,24.8 2 0
github.com/puzzaney/simplebank/util/random.go:11.12,13.2 1 0
github.com/puzzaney/simplebank/util/random.go:15.38,17.2 1 0
github.com/puzzaney/simplebank/util/random.go:19.33,23.20 3 0
github.com/puzzaney/simplebank/util/random.go:23.20,26.3 2 0
github.com/puzzaney/simplebank/util/random.go:28.2,28.20 1 0
github.com/puzzaney/simplebank/util/random.go:31.26,33.2 1 0
github.com/puzzaney/simplebank/util/random.go:35.26,37.2 1 0
github.com/puzzaney/simplebank/util/random.go:39.29,44.2 3 0
